make --dry-run --always-make --keep-going --print-directory
make: Entering directory `/Users/rarahhal/Desktop/so_long'
cc    -c -o Mandatory/so_long.o Mandatory/so_long.c
cc    -c -o Mandatory/get_next_line.o Mandatory/get_next_line.c
cc    -c -o Mandatory/get_next_line_2.o Mandatory/get_next_line_2.c
cc    -c -o Mandatory/setting_map.o Mandatory/setting_map.c
cc    -c -o Mandatory/map_error.o Mandatory/map_error.c
cc    -c -o Mandatory/ft_error.o Mandatory/ft_error.c
cc    -c -o Mandatory/setting_img.o Mandatory/setting_img.c
cc    -c -o Mandatory/hook.o Mandatory/hook.c
cc    -c -o Mandatory/moving_player.o Mandatory/moving_player.c
cc    -c -o Mandatory/ft_ckeck_file.o Mandatory/ft_ckeck_file.c
cc    -c -o Libft/ft_calloc.o Libft/ft_calloc.c
cc    -c -o Libft/ft_strchr.o Libft/ft_strchr.c
cc    -c -o Libft/ft_strjoin.o Libft/ft_strjoin.c
cc    -c -o Libft/ft_strlen.o Libft/ft_strlen.c
cc    -c -o Libft/ft_strdup.o Libft/ft_strdup.c
cc    -c -o Libft/ft_putnbr.o Libft/ft_putnbr.c
cc    -c -o Libft/ft_itoa.o Libft/ft_itoa.c
cc -Wall -Werror -Wextra -lmlx -framework OpenGL -framework AppKit Mandatory/so_long.o Mandatory/get_next_line.o Mandatory/get_next_line_2.o Mandatory/setting_map.o Mandatory/map_error.o Mandatory/ft_error.o Mandatory/setting_img.o Mandatory/hook.o Mandatory/moving_player.o Mandatory/ft_ckeck_file.o Libft/ft_calloc.o Libft/ft_strchr.o Libft/ft_strjoin.o Libft/ft_strlen.o Libft/ft_strdup.o Libft/ft_putnbr.o Libft/ft_itoa.o -o so_long
make: Leaving directory `/Users/rarahhal/Desktop/so_long'
 
